SF:lib/model/entity/class/class.dart
DA:26,0
LF:1
LH:0
end_of_record
SF:lib/model/entity/class/class.g.dart
DA:9,0
DA:10,0
DA:11,0
DA:12,0
DA:13,0
DA:14,0
DA:16,0
DA:17,0
DA:18,0
DA:19,0
DA:20,0
DA:21,0
DA:22,0
DA:23,0
DA:25,0
DA:26,0
DA:27,0
DA:28,0
DA:29,0
DA:30,0
DA:32,0
DA:33,0
DA:34,0
DA:38,0
DA:39,0
DA:40,0
DA:41,0
DA:42,0
DA:43,0
DA:44,0
DA:45,0
DA:46,0
DA:47,0
DA:48,0
DA:49,0
DA:50,0
DA:51,0
DA:52,0
LF:38
LH:0
end_of_record
SF:lib/model/entity/user/user_state.dart
DA:18,0
DA:19,0
LF:2
LH:0
end_of_record
SF:lib/model/entity/user/user_state.g.dart
DA:9,0
DA:10,0
DA:11,0
DA:12,0
DA:13,0
DA:14,0
DA:15,0
DA:16,0
DA:17,0
DA:20,0
DA:21,0
DA:22,0
DA:23,0
DA:24,0
DA:25,0
DA:26,0
DA:27,0
DA:28,0
DA:29,0
LF:19
LH:0
end_of_record
SF:lib/model/entity/class_document/class_document.dart
DA:12,0
DA:13,0
LF:2
LH:0
end_of_record
SF:lib/model/entity/class_document/class_document.g.dart
DA:9,0
DA:10,0
DA:11,0
DA:14,0
DA:15,0
DA:16,0
LF:6
LH:0
end_of_record
